[    0.000000] Linux version 4.15.0-212-generic (buildd@lcy02-amd64-083) (gcc version 7.5.0 (Ubuntu 7.5.0-3ubuntu1~18.04)) #223-Ubuntu SMP Tue May 23 13:09:22 UTC 2023 (Ubuntu 4.15.0-212.223-generic 4.15.18)
[    0.000000] Command line: BOOT_IMAGE=/boot/vmlinuz-4.15.0-212-generic root=LABEL=cloudimg-rootfs ro console=tty1 console=ttyS0
[    0.000000] KERNEL supported cpus:
[    0.000000]   Intel GenuineIntel
[    0.000000]   AMD AuthenticAMD
[    0.000000]   Centaur CentaurHauls
[    0.000000] x86/fpu: Supporting XSAVE feature 0x001: 'x87 floating point registers'
[    0.000000] x86/fpu: Supporting XSAVE feature 0x002: 'SSE registers'
[    0.000000] x86/fpu: Supporting XSAVE feature 0x004: 'AVX registers'
[    0.000000] x86/fpu: xstate_offset[2]:  576, xstate_sizes[2]:  256
[    0.000000] x86/fpu: Enabled xstate features 0x7, context size is 832 bytes, using 'standard' format.
[    0.000000] e820: BIOS-provided physical RAM map:
[    0.000000] BIOS-e820: [mem 0x0000000000000000-0x000000000009fbff] usable
[    0.000000] BIOS-e820: [mem 0x000000000009fc00-0x000000000009ffff] reserved
[    0.000000] BIOS-e820: [mem 0x00000000000f0000-0x00000000000fffff] reserved
[    0.000000] BIOS-e820: [mem 0x0000000000100000-0x000000003ffeffff] usable
[    0.000000] BIOS-e820: [mem 0x000000003fff0000-0x000000003fffffff] ACPI data
[    0.000000] BIOS-e820: [mem 0x00000000fec00000-0x00000000fec00fff] reserved
[    0.000000] BIOS-e820: [mem 0x00000000fee00000-0x00000000fee00fff] reserved
[    0.000000] BIOS-e820: [mem 0x00000000fffc0000-0x00000000ffffffff] reserved
[    0.000000] NX (Execute Disable) protection: active
[    0.000000] SMBIOS 2.5 present.
[    0.000000] DMI: innotek GmbH VirtualBox/VirtualBox, BIOS VirtualBox 12/01/2006
[    0.000000] Hypervisor detected: KVM
[    0.000000] e820: last_pfn = 0x3fff0 max_arch_pfn = 0x400000000
[    0.000000] MTRR: Disabled
[    0.000000] x86/PAT: MTRRs disabled, skipping PAT initialization too.
[    0.000000] CPU MTRRs all blank - virtualized system.
[    0.000000] x86/PAT: Configuration [0-7]: WB  WT  UC- UC  WB  WT  UC- UC  
[    0.000000] found SMP MP-table at [mem 0x0009fff0-0x0009ffff]
[    0.000000] Scanning 1 areas for low memory corruption
[    0.000000] RAMDISK: [mem 0x359cb000-0x36cdcfff]
[    0.000000] ACPI: Early table checksum verification disabled
[    0.000000] ACPI: RSDP 0x00000000000E0000 000024 (v02 VBOX  )
[    0.000000] ACPI: XSDT 0x000000003FFF0030 00003C (v01 VBOX   VBOXXSDT 00000001 ASL  00000061)
[    0.000000] ACPI: FACP 0x000000003FFF00F0 0000F4 (v04 VBOX   VBOXFACP 00000001 ASL  00000061)
[    0.000000] ACPI: DSDT 0x000000003FFF0470 002325 (v02 VBOX   VBOXBIOS 00000002 INTL 20200925)
[    0.000000] ACPI: FACS 0x000000003FFF0200 000040
[    0.000000] ACPI: FACS 0x000000003FFF0200 000040
[    0.000000] ACPI: APIC 0x000000003FFF0240 000054 (v02 VBOX   VBOXAPIC 00000001 ASL  00000061)
[    0.000000] ACPI: SSDT 0x000000003FFF02A0 0001CC (v01 VBOX   VBOXCPUT 00000002 INTL 20200925)
[    0.000000] ACPI: Reserving FACP table memory at [mem 0x3fff00f0-0x3fff01e3]
[    0.000000] ACPI: Reserving DSDT table memory at [mem 0x3fff0470-0x3fff2794]
[    0.000000] ACPI: Reserving FACS table memory at [mem 0x3fff0200-0x3fff023f]
[    0.000000] ACPI: Reserving FACS table memory at [mem 0x3fff0200-0x3fff023f]
[    0.000000] ACPI: Reserving APIC table memory at [mem 0x3fff0240-0x3fff0293]
[    0.000000] ACPI: Reserving SSDT table memory at [mem 0x3fff02a0-0x3fff046b]
[    0.000000] No NUMA configuration found
[    0.000000] Faking a node at [mem 0x0000000000000000-0x000000003ffeffff]
[    0.000000] NODE_DATA(0) allocated [mem 0x3ffc5000-0x3ffeffff]
[    0.000000] kvm-clock: cpu 0, msr 0:3ff44001, primary cpu clock
[    0.000000] kvm-clock: Using msrs 4b564d01 and 4b564d00
[    0.000000] kvm-clock: using sched offset of 3379443198 cycles
[    0.000000] clocksource: kvm-clock: mask: 0xffffffffffffffff max_cycles: 0x1cd42e4dffb, max_idle_ns: 881590591483 ns
[    0.000000] Zone ranges:
[    0.000000]   DMA      [mem 0x0000000000001000-0x0000000000ffffff]
[    0.000000]   DMA32    [mem 0x0000000001000000-0x000000003ffeffff]
[    0.000000]   Normal   empty
[    0.000000]   Device   empty
[    0.000000] Movable zone start for each node
[    0.000000] Early memory node ranges
[    0.000000]   node   0: [mem 0x0000000000001000-0x000000000009efff]
[    0.000000]   node   0: [mem 0x0000000000100000-0x000000003ffeffff]
[    0.000000] Reserved but unavailable: 104 pages
[    0.000000] Initmem setup node 0 [mem 0x0000000000001000-0x000000003ffeffff]
[    0.000000] ACPI: PM-Timer IO Port: 0x4008
[    0.000000] IOAPIC[0]: apic_id 1, version 32, address 0xfec00000, GSI 0-23
[    0.000000] ACPI: INT_SRC_OVR (bus 0 bus_irq 0 global_irq 2 dfl dfl)
[    0.000000] ACPI: INT_SRC_OVR (bus 0 bus_irq 9 global_irq 9 low level)
[    0.000000] Using ACPI (MADT) for SMP configuration information
[    0.000000] smpboot: Allowing 1 CPUs, 0 hotplug CPUs
[    0.000000] PM: Registered nosave memory: [mem 0x00000000-0x00000fff]
[    0.000000] PM: Registered nosave memory: [mem 0x0009f000-0x0009ffff]
[    0.000000] PM: Registered nosave memory: [mem 0x000a0000-0x000effff]
[    0.000000] PM: Registered nosave memory: [mem 0x000f0000-0x000fffff]
[    0.000000] e820: [mem 0x40000000-0xfebfffff] available for PCI devices
[    0.000000] Booting paravirtualized kernel on KVM
[    0.000000] clocksource: refined-jiffies: mask: 0xffffffff max_cycles: 0xffffffff, max_idle_ns: 7645519600211568 ns
[    0.000000] setup_percpu: NR_CPUS:8192 nr_cpumask_bits:1 nr_cpu_ids:1 nr_node_ids:1
[    0.000000] percpu: Embedded 50 pages/cpu s167936 r8192 d28672 u2097152
[    0.000000] PV qspinlock hash table entries: 256 (order: 0, 4096 bytes)
[    0.000000] Built 1 zonelists, mobility grouping on.  Total pages: 257913
[    0.000000] Policy zone: DMA32
[    0.000000] Kernel command line: BOOT_IMAGE=/boot/vmlinuz-4.15.0-212-generic root=LABEL=cloudimg-rootfs ro console=tty1 console=ttyS0
[    0.000000] Memory: 982844K/1048120K available (12300K kernel code, 2477K rwdata, 4324K rodata, 2480K init, 2720K bss, 65276K reserved, 0K cma-reserved)
[    0.000000] SLUB: HWalign=64, Order=0-3, MinObjects=0, CPUs=1, Nodes=1
[    0.000000] Kernel/User page tables isolation: enabled
[    0.000000] ftrace: allocating 39508 entries in 155 pages
[    0.004000] Hierarchical RCU implementation.
[    0.004000] 	RCU restricting CPUs from NR_CPUS=8192 to nr_cpu_ids=1.
[    0.004000] 	Tasks RCU enabled.
[    0.004000] RCU: Adjusting geometry for rcu_fanout_leaf=16, nr_cpu_ids=1
[    0.004000] NR_IRQS: 524544, nr_irqs: 256, preallocated irqs: 16
[    0.004000] random: crng init done
[    0.004000] Console: colour VGA+ 80x25
[    0.004000] console [tty1] enabled
[    0.004000] console [ttyS0] enabled
[    0.004000] ACPI: Core revision 20170831
[    0.004000] ACPI: 2 ACPI AML tables successfully acquired and loaded
[    0.004000] APIC: Switch to symmetric I/O mode setup
[    0.004000] x2apic enabled
[    0.004000] Switched APIC routing to physical x2apic.
[    0.004000] ..TIMER: vector=0x30 apic1=0 pin1=2 apic2=-1 pin2=-1
[    0.004000] tsc: Detected 2112.004 MHz processor
[    0.004000] Calibrating delay loop (skipped) preset value.. 4224.00 BogoMIPS (lpj=8448016)
[    0.004005] pid_max: default: 32768 minimum: 301
[    0.004613] Security Framework initialized
[    0.005113] Yama: becoming mindful.
[    0.005565] AppArmor: AppArmor initialized
[    0.006715] Dentry cache hash table entries: 131072 (order: 8, 1048576 bytes)
[    0.008061] Inode-cache hash table entries: 65536 (order: 7, 524288 bytes)
[    0.008864] Mount-cache hash table entries: 2048 (order: 2, 16384 bytes)
[    0.009633] Mountpoint-cache hash table entries: 2048 (order: 2, 16384 bytes)
[    0.010794] process: using mwait in idle threads
[    0.011351] Last level iTLB entries: 4KB 64, 2MB 8, 4MB 8
[    0.012002] Last level dTLB entries: 4KB 64, 2MB 0, 4MB 0, 1GB 4
[    0.012723] Spectre V1 : Mitigation: usercopy/swapgs barriers and __user pointer sanitization
[    0.013779] Spectre V2 : Mitigation: Retpolines
[    0.014377] Spectre V2 : Spectre v2 / SpectreRSB mitigation: Filling RSB on context switch
[    0.015365] Spectre V2 : Spectre v2 / SpectreRSB : Filling RSB on VMEXIT
[    0.016002] RETBleed: WARNING: Spectre v2 mitigation leaves CPU vulnerable to RETBleed attacks, data leaks possible!
[    0.017251] RETBleed: Vulnerable
[    0.017681] Speculative Store Bypass: Vulnerable
[    0.018382] MDS: Mitigation: Clear CPU buffers
[    0.018933] MMIO Stale Data: Mitigation: Clear CPU buffers
[    0.020003] SRBDS: Unknown: Dependent on hypervisor status
[    0.034177] Freeing SMP alternatives memory: 36K
[    0.144725] smpboot: CPU0: Intel(R) Core(TM) i5-10210U CPU @ 1.60GHz (family: 0x6, model: 0x8e, stepping: 0xc)
[    0.146044] Performance Events: unsupported p6 CPU model 142 no PMU driver, software events only.
[    0.147127] Hierarchical SRCU implementation.
[    0.148000] NMI watchdog: Perf event create on CPU 0 failed with -2
[    0.148003] NMI watchdog: Perf NMI watchdog permanently disabled
[    0.148787] smp: Bringing up secondary CPUs ...
[    0.149441] smp: Brought up 1 node, 1 CPU
[    0.149978] smpboot: Max logical packages: 1
[    0.150549] smpboot: Total of 1 processors activated (4224.00 BogoMIPS)
[    0.151499] devtmpfs: initialized
[    0.152050] x86/mm: Memory block size: 128MB
[    0.152732] evm: security.selinux
[    0.153194] evm: security.SMACK64
[    0.153653] evm: security.SMACK64EXEC
[    0.154156] evm: security.SMACK64TRANSMUTE
[    0.154715] evm: security.SMACK64MMAP
[    0.155197] evm: security.apparmor
[    0.155679] evm: security.ima
[    0.156003] evm: security.capability
[    0.156582] clocksource: jiffies: mask: 0xffffffff max_cycles: 0xffffffff, max_idle_ns: 7645041785100000 ns
[    0.157812] futex hash table entries: 256 (order: 2, 16384 bytes)
[    0.158627] pinctrl core: initialized pinctrl subsystem
[    0.159375] RTC time: 21:27:47, date: 07/29/23
[    0.160073] NET: Registered protocol family 16
[    0.160682] audit: initializing netlink subsys (disabled)
[    0.161425] cpuidle: using governor ladder
[    0.161928] cpuidle: using governor menu
[    0.162448] ACPI: bus type PCI registered
[    0.162947] acpiphp: ACPI Hot Plug PCI Controller Driver version: 0.5
[    0.164023] PCI: Using configuration type 1 for base access
[    0.164739] audit: type=2000 audit(1690666072.028:1): state=initialized audit_enabled=0 res=1
[    0.166630] HugeTLB registered 2.00 MiB page size, pre-allocated 0 pages
[    0.168150] ACPI: Added _OSI(Module Device)
[    0.168741] ACPI: Added _OSI(Processor Device)
[    0.169343] ACPI: Added _OSI(3.0 _SCP Extensions)
[    0.169977] ACPI: Added _OSI(Processor Aggregator Device)
[    0.170702] ACPI: Added _OSI(Linux-Dell-Video)
[    0.171302] ACPI: Added _OSI(Linux-Lenovo-NV-HDMI-Audio)
[    0.172000] ACPI: Added _OSI(Linux-HPI-Hybrid-Graphics)
[    0.172286] ACPI: Executed 1 blocks of module-level executable AML code
[    0.176832] ACPI: Interpreter enabled
[    0.177381] ACPI: (supports S0 S5)
[    0.177870] ACPI: Using IOAPIC for interrupt routing
[    0.178751] PCI: Using host bridge windows from ACPI; if necessary, use "pci=nocrs" and report a bug
[    0.180000] ACPI: Enabled 2 GPEs in block 00 to 07
[    0.185438] ACPI: PCI Root Bridge [PCI0] (domain 0000 [bus 00-ff])
[    0.186511] acpi PNP0A03:00: _OSC: OS supports [ASPM ClockPM Segments MSI]
[    0.188104] acpi PNP0A03:00: _OSC: not requesting OS control; OS requires [ExtendedConfig ASPM ClockPM MSI]
[    0.189763] acpi PNP0A03:00: fail to add MMCONFIG information, can't access extended PCI configuration space under this bridge.
[    0.192323] PCI host bridge to bus 0000:00
[    0.193382] pci_bus 0000:00: root bus resource [io  0x0000-0x0cf7 window]
[    0.194329] pci_bus 0000:00: root bus resource [io  0x0d00-0xffff window]
[    0.195218] pci_bus 0000:00: root bus resource [mem 0x000a0000-0x000bffff window]
[    0.196012] pci_bus 0000:00: root bus resource [mem 0x40000000-0xfdffffff window]
[    0.197222] pci_bus 0000:00: root bus resource [bus 00-ff]
[    0.200076] pci 0000:00:01.1: legacy IDE quirk: reg 0x10: [io  0x01f0-0x01f7]
[    0.201112] pci 0000:00:01.1: legacy IDE quirk: reg 0x14: [io  0x03f6]
[    0.201964] pci 0000:00:01.1: legacy IDE quirk: reg 0x18: [io  0x0170-0x0177]
[    0.202980] pci 0000:00:01.1: legacy IDE quirk: reg 0x1c: [io  0x0376]
[    0.217990] pci 0000:00:07.0: quirk: [io  0x4000-0x403f] claimed by PIIX4 ACPI
[    0.219028] pci 0000:00:07.0: quirk: [io  0x4100-0x410f] claimed by PIIX4 SMB
[    0.229352] ACPI: PCI Interrupt Link [LNKA] (IRQs 5 9 10 *11)
[    0.230466] ACPI: PCI Interrupt Link [LNKB] (IRQs 5 9 *10 11)
[    0.231328] ACPI: PCI Interrupt Link [LNKC] (IRQs 5 *9 10 11)
[    0.232080] ACPI: PCI Interrupt Link [LNKD] (IRQs 5 9 10 *11)
[    0.233186] SCSI subsystem initialized
[    0.233811] pci 0000:00:02.0: vgaarb: setting as boot VGA device
[    0.234601] pci 0000:00:02.0: vgaarb: VGA device added: decodes=io+mem,owns=io+mem,locks=none
[    0.235719] pci 0000:00:02.0: vgaarb: bridge control possible
[    0.236002] vgaarb: loaded
[    0.236423] ACPI: bus type USB registered
[    0.236994] usbcore: registered new interface driver usbfs
[    0.237733] usbcore: registered new interface driver hub
[    0.238488] usbcore: registered new device driver usb
[    0.239356] EDAC MC: Ver: 3.0.0
[    0.240265] PCI: Using ACPI for IRQ routing
[    0.241089] NetLabel: Initializing
[    0.241626] NetLabel:  domain hash size = 128
[    0.242246] NetLabel:  protocols = UNLABELED CIPSOv4 CALIPSO
[    0.243025] NetLabel:  unlabeled traffic allowed by default
[    0.244156] clocksource: Switched to clocksource kvm-clock
[    0.254738] VFS: Disk quotas dquot_6.6.0
[    0.255557] VFS: Dquot-cache hash table entries: 512 (order 0, 4096 bytes)
[    0.257057] AppArmor: AppArmor Filesystem Enabled
[    0.257832] pnp: PnP ACPI init
[    0.259131] pnp: PnP ACPI: found 3 devices
[    0.265069] clocksource: acpi_pm: mask: 0xffffff max_cycles: 0xffffff, max_idle_ns: 2085701024 ns
[    0.266316] NET: Registered protocol family 2
[    0.266963] IP idents hash table entries: 16384 (order: 5, 131072 bytes)
[    0.268021] TCP established hash table entries: 8192 (order: 4, 65536 bytes)
[    0.268981] TCP bind hash table entries: 8192 (order: 5, 131072 bytes)
[    0.269853] TCP: Hash tables configured (established 8192 bind 8192)
[    0.271254] UDP hash table entries: 512 (order: 2, 16384 bytes)
[    0.272299] UDP-Lite hash table entries: 512 (order: 2, 16384 bytes)
[    0.273395] NET: Registered protocol family 1
[    0.274182] pci 0000:00:00.0: Limiting direct PCI/PCI transfers
[    0.275190] pci 0000:00:01.0: Activating ISA DMA hang workarounds
[    0.276271] pci 0000:00:02.0: Video device with shadowed ROM at [mem 0x000c0000-0x000dffff]
[    0.277743] Unpacking initramfs...
[    0.540586] Freeing initrd memory: 19528K
[    0.547228] clocksource: tsc: mask: 0xffffffffffffffff max_cycles: 0x1e717c37157, max_idle_ns: 440795284133 ns
[    0.548899] platform rtc_cmos: registered platform RTC device (no PNP device found)
[    0.550205] Scanning for low memory corruption every 60 seconds
[    0.551602] Initialise system trusted keyrings
[    0.552391] Key type blacklist registered
[    0.553108] workingset: timestamp_bits=36 max_order=18 bucket_order=0
[    0.554912] zbud: loaded
[    0.555892] squashfs: version 4.0 (2009/01/31) Phillip Lougher
[    0.556882] fuse init (API version 7.26)
[    0.558067] Key type asymmetric registered
[    0.558667] Asymmetric key parser 'x509' registered
[    0.559354] Block layer SCSI generic (bsg) driver version 0.4 loaded (major 246)
[    0.560432] io scheduler noop registered
[    0.560978] io scheduler deadline registered
[    0.561591] io scheduler cfq registered (default)
[    0.562463] ACPI: AC Adapter [AC] (on-line)
[    0.563091] input: Power Button as /devices/LNXSYSTM:00/LNXPWRBN:00/input/input0
[    0.564097] ACPI: Power Button [PWRF]
[    0.564701] input: Sleep Button as /devices/LNXSYSTM:00/LNXSLPBN:00/input/input1
[    0.565702] ACPI: Sleep Button [SLPF]
[    0.566940] ACPI: Battery Slot [BAT0] (battery present)
[    0.567729] Serial: 8250/16550 driver, 32 ports, IRQ sharing enabled
[    0.589346] 00:02: ttyS0 at I/O 0x3f8 (irq = 4, base_baud = 115200) is a 16550A
[    0.591482] Linux agpgart interface v0.103
[    0.592908] loop: module loaded
[    0.593765] scsi host0: ata_piix
[    0.594286] scsi host1: ata_piix
[    0.594770] ata1: PATA max UDMA/33 cmd 0x1f0 ctl 0x3f6 bmdma 0xd000 irq 14
[    0.595662] ata2: PATA max UDMA/33 cmd 0x170 ctl 0x376 bmdma 0xd008 irq 15
[    0.597002] tun: Universal TUN/TAP device driver, 1.6
[    0.597839] PPP generic driver version 2.4.2
[    0.598608] ehci_hcd: USB 2.0 'Enhanced' Host Controller (EHCI) Driver
[    0.599662] ehci-pci: EHCI PCI platform driver
[    0.600449] ehci-platform: EHCI generic platform driver
[    0.601332] ohci_hcd: USB 1.1 'Open' Host Controller (OHCI) Driver
[    0.602347] ohci-pci: OHCI PCI platform driver
[    0.603098] ohci-platform: OHCI generic platform driver
[    0.603973] uhci_hcd: USB Universal Host Controller Interface driver
[    0.605166] i8042: PNP: PS/2 Controller [PNP0303:PS2K,PNP0f03:PS2M] at 0x60,0x64 irq 1,12
[    0.606782] serio: i8042 KBD port at 0x60,0x64 irq 1
[    0.607538] serio: i8042 AUX port at 0x60,0x64 irq 12
[    0.608375] mousedev: PS/2 mouse device common for all mice
[    0.609372] input: AT Translated Set 2 keyboard as /devices/platform/i8042/serio0/input/input2
[    0.611048] rtc_cmos rtc_cmos: rtc core: registered rtc_cmos as rtc0
[    0.612182] rtc_cmos rtc_cmos: alarms up to one day, 114 bytes nvram
[    0.613223] i2c /dev entries driver
[    0.613903] device-mapper: uevent: version 1.0.3
[    0.614741] device-mapper: ioctl: 4.37.0-ioctl (2017-09-20) initialised: dm-devel@redhat.com
[    0.616128] ledtrig-cpu: registered to indicate activity on CPUs
[    0.617234] intel_pmc_core:  initialized
[    0.617937] NET: Registered protocol family 10
[    0.620992] Segment Routing with IPv6
[    0.621586] NET: Registered protocol family 17
[    0.622750] Key type dns_resolver registered
[    0.623593] mce: Using 0 MCE banks
[    0.624174] RAS: Correctable Errors collector initialized.
[    0.625212] sched_clock: Marking stable (625165850, 0)->(743607174, -118441324)
[    0.626585] registered taskstats version 1
[    0.627303] Loading compiled-in X.509 certificates
[    0.629884] Loaded X.509 cert 'Build time autogenerated kernel key: b5b26778eaa3ab3a4a6cee031137706e947d12ad'
[    0.631973] Loaded X.509 cert 'Canonical Ltd. Live Patch Signing: 14df34d1a87cf37625abec039ef2bf521249b969'
[    0.634091] Loaded X.509 cert 'Canonical Ltd. Kernel Module Signing: 88f752e560a1e0737e31163a466ad7b70a850c19'
[    0.635686] blacklist: Loading compiled-in revocation X.509 certificates
[    0.636851] Loaded X.509 cert 'Canonical Ltd. Secure Boot Signing: 61482aa2830d0ab2ad5af10b7250da9033ddcef0'
[    0.638565] Loaded X.509 cert 'Canonical Ltd. Secure Boot Signing (2017): 242ade75ac4a15e50d50c84b0d45ff3eae707a03'
[    0.640022] Loaded X.509 cert 'Canonical Ltd. Secure Boot Signing (ESM 2018): 365188c1d374d6b07c3c8f240f8ef722433d6a8b'
[    0.641533] Loaded X.509 cert 'Canonical Ltd. Secure Boot Signing (2019): c0746fd6c5da3ae827864651ad66ae47fe24b3e8'
[    0.642920] Loaded X.509 cert 'Canonical Ltd. Secure Boot Signing (2021 v1): a8d54bbb3825cfb94fa13c9f8a594a195c107b8d'
[    0.644312] Loaded X.509 cert 'Canonical Ltd. Secure Boot Signing (2021 v2): 4cf046892d6fd3c9a5b03f98d845f90851dc6a8c'
[    0.645767] Loaded X.509 cert 'Canonical Ltd. Secure Boot Signing (2021 v3): 100437bb6de6e469b581e61cd66bce3ef4ed53af'
[    0.647154] Loaded X.509 cert 'Canonical Ltd. Secure Boot Signing (Ubuntu Core 2019): c1d57b8f6b743f23ee41f4f7ee292f06eecadfb9'
[    0.648679] zswap: loaded using pool lzo/zbud
[    0.651512] Key type big_key registered
[    0.652052] Key type trusted registered
[    0.653660] Key type encrypted registered
[    0.654218] AppArmor: AppArmor sha1 policy hashing enabled
[    0.655048] ima: No TPM chip found, activating TPM-bypass! (rc=-19)
[    0.655945] ima: Allocated hash algorithm: sha1
[    0.656769] evm: HMAC attrs: 0x1
[    0.657500]   Magic number: 15:341:501
[    0.658201] rtc_cmos rtc_cmos: setting system clock to 2023-07-29 21:27:48 UTC (1690666068)
[    0.659388] BIOS EDD facility v0.16 2004-Jun-25, 0 devices found
[    0.662418] EDD information not available.
[    0.792065] Freeing unused kernel image memory: 2480K
[    0.800338] Write protecting the kernel read-only data: 20480k
[    0.802403] Freeing unused kernel image memory: 2008K
[    0.803887] Freeing unused kernel image memory: 1820K
[    0.812349] x86/mm: Checked W+X mappings: passed, no W+X pages found.
[    0.813256] x86/mm: Checking user space page tables
[    0.821282] x86/mm: Checked W+X mappings: passed, no W+X pages found.
Loading, please wait...
starting version 237
[    0.905413] e1000: Intel(R) PRO/1000 Network Driver - version 7.3.21-k8-NAPI
[    0.906663] e1000: Copyright (c) 1999-2006 Intel Corporation.
[    0.911450] Fusion MPT base driver 3.04.20
[    0.912192] Copyright (c) 1999-2008 LSI Corporation
[    0.925524] Fusion MPT SPI Host driver 3.04.20
[    0.948956] AVX2 version of gcm_enc/dec engaged.
[    0.949839] AES CTR mode by8 optimization enabled
[    1.123049] input: ImExPS/2 Generic Explorer Mouse as /devices/platform/i8042/serio1/input/input4
[    1.299940] e1000 0000:00:03.0 eth0: (PCI:33MHz:32-bit) 02:3b:7b:b7:3b:2d
[    1.301141] e1000 0000:00:03.0 eth0: Intel(R) PRO/1000 Network Connection
[    1.302963] mptbase: ioc0: Initiating bringup
[    1.396839] ioc0: LSI53C1030 A0: Capabilities={Initiator}
[    1.645028] scsi host2: ioc0: LSI53C1030 A0, FwRev=00000000h, Ports=1, MaxQ=256, IRQ=20
[    1.817572] scsi 2:0:0:0: Direct-Access     VBOX     HARDDISK         1.0  PQ: 0 ANSI: 5
[    1.828247] scsi target2:0:0: Beginning Domain Validation
[    1.836939] scsi target2:0:0: Domain Validation skipping write tests
[    1.839680] scsi target2:0:0: Ending Domain Validation
[    1.840496] scsi target2:0:0: asynchronous
[    1.841647] scsi 2:0:1:0: Direct-Access     VBOX     HARDDISK         1.0  PQ: 0 ANSI: 5
[    1.842748] scsi target2:0:1: Beginning Domain Validation
[    1.844168] scsi target2:0:1: Domain Validation skipping write tests
[    1.845028] scsi target2:0:1: Ending Domain Validation
[    1.845791] scsi target2:0:1: asynchronous
[    1.849796] sd 2:0:0:0: [sda] 83886080 512-byte logical blocks: (42.9 GB/40.0 GiB)
[    1.850880] sd 2:0:0:0: [sda] Write Protect is off
[    1.851610] sd 2:0:0:0: [sda] Incomplete mode parameter data
[    1.852404] sd 2:0:0:0: [sda] Assuming drive cache: write through
[    1.853591] sd 2:0:0:0: Attached scsi generic sg0 type 0
[    1.854949] sd 2:0:1:0: [sdb] 20480 512-byte logical blocks: (10.5 MB/10.0 MiB)
[    1.856018] sd 2:0:1:0: [sdb] Write Protect is off
[    1.856895] sd 2:0:1:0: [sdb] Incomplete mode parameter data
[    1.857699] sd 2:0:1:0: [sdb] Assuming drive cache: write through
[    1.858558]  sda: sda1
[    1.859253] sd 2:0:1:0: Attached scsi generic sg1 type 0
[    1.864368] sd 2:0:0:0: [sda] Attached SCSI disk
[    1.894486] sd 2:0:1:0: [sdb] Attached SCSI disk
[    2.203848] e1000 0000:00:13.0 eth1: (PCI:33MHz:32-bit) 08:00:27:4a:22:5b
[    2.205702] e1000 0000:00:13.0 eth1: Intel(R) PRO/1000 Network Connection
[    2.207821] e1000 0000:00:13.0 enp0s19: renamed from eth1
[    2.210299] e1000 0000:00:03.0 enp0s3: renamed from eth0
Begin: Loading essential drivers ... [    3.621353] raid6: sse2x1   gen() 12416 MB/s
[    3.685158] raid6: sse2x1   xor()  7546 MB/s
[    3.748974] raid6: sse2x2   gen() 16128 MB/s
[    3.812575] raid6: sse2x2   xor() 11007 MB/s
[    3.873251] raid6: sse2x4   gen() 17350 MB/s
[    3.937398] raid6: sse2x4   xor() 11381 MB/s
[    4.001190] raid6: avx2x1   gen() 27835 MB/s
[    4.064837] raid6: avx2x1   xor() 15845 MB/s
[    4.133293] raid6: avx2x2   gen() 35914 MB/s
[    4.192815] raid6: avx2x2   xor() 21186 MB/s
[    4.256483] raid6: avx2x4   gen() 28627 MB/s
[    4.320112] raid6: avx2x4   xor() 19596 MB/s
[    4.320800] raid6: using algorithm avx2x2 gen() 35914 MB/s
[    4.321537] raid6: .... xor() 21186 MB/s, rmw enabled
[    4.322277] raid6: using avx2x2 recovery algorithm
[    4.324756] xor: automatically using best checksumming function   avx       
[    4.327245] async_tx: api initialized (async)
done.
Begin: Running /scripts/init-premount ... done.
Begin: Mounting root file system ... Begin: Running /scripts/local-top ... done.
Begin: Running /scripts/local-premount ... [    4.376667] Btrfs loaded, crc32c=crc32c-intel
Scanning for Btrfs filesystems
done.
Warning: fsck not present, so skipping root file system
[    4.405636] EXT4-fs (sda1): mounted filesystem with ordered data mode. Opts: (null)
done.
Begin: Running /scripts/local-bottom ... done.
Begin: Running /scripts/init-bottom ... done.
[    4.542103] ip_tables: (C) 2000-2006 Netfilter Core Team
[    4.548349] systemd[1]: systemd 237 running in system mode. (+PAM +AUDIT +SELINUX +IMA +APPARMOR +SMACK +SYSVINIT +UTMP +LIBCRYPTSETUP +GCRYPT +GNUTLS +ACL +XZ +LZ4 +SECCOMP +BLKID +ELFUTILS +KMOD -IDN2 +IDN -PCRE2 default-hierarchy=hybrid)
[    4.551106] systemd[1]: Detected virtualization oracle.
[    4.551811] systemd[1]: Detected architecture x86-64.

Welcome to [1mUbuntu 18.04.6 LTS[0m!

[    4.554860] systemd[1]: Set hostname to <ubuntu>.
[    4.556595] systemd[1]: Initializing machine ID from random generator.
[    4.557594] systemd[1]: Installed transient /etc/machine-id file.
[    4.768481] systemd[1]: Reached target Swap.
[[0;32m  OK  [0m] Reached target Swap.
[    4.770271] systemd[1]: Created slice System Slice.
[[0;32m  OK  [0m] Created slice System Slice.
[    4.771547] systemd[1]: Listening on Syslog Socket.
[[0;32m  OK  [0m] Listening on Syslog Socket.
[    4.772794] systemd[1]: Reached target System Time Synchronized.
[[0;32m  OK  [0m] Reached target System Time Synchronized.
[[0;32m  OK  [0m] Listening on Journal Socket (/dev/log).
[[0;32m  OK  [0m] Created slice User and Session Slice.
[[0;32m  OK  [0m] Listening on fsck to fsckd communication Socket.
[[0;32m  OK  [0m] Listening on Journal Socket.
         Starting Load Kernel Modules...
         Starting File System Check on Root Device...
         Starting Uncomplicated firewall...
         Starting Set the console keyboard layout...
[[0;32m  OK  [0m] Reached target Slices.
         Mounting POSIX Message Queue File System...
[[0;32m  OK  [0m] Listening on Network Service Netlink Socket.
[    4.792679] Loading iSCSI transport class v2.0-870.
[[0;32m  OK  [0m] Listening on udev Kernel Socket.
[[0;32m  OK  [0m] Started Forward Password Requests to Wall Directory Watch.
[[0;32m  OK  [0m] Listening on Journal Audit Socket.
[    4.800053] iscsi: registered transport (tcp)
         Starting Journal Service...
[[0;32m  OK  [0m] Reached target User and Group Name Lookups.
[[0;32m  OK  [0m] Created slice system-serial\x2dgetty.slice.
[[0;32m  OK  [0m] Listening on Device-mapper event daemon FIFOs.
[[0;32m  OK  [0m] Set up automount Arbitrary Executab…rmats File System Automount Point.
[[0;32m  OK  [0m] Reached target Mounting snaps.
[[0;32m  OK  [0m] Reached target Mounted snaps.
[[0;32m  OK  [0m] Listening on LVM2 poll daemon socket.
[[0;32m  OK  [0m] Listening on udev Control Socket.
[    4.881924] iscsi: registered transport (iser)
         Starting udev Coldplug all Devices...
         Starting Create list of required st…ce nodes for the current kernel...
[[0;32m  OK  [0m] Listening on LVM2 metadata daemon socket.
         Starting Monitoring of LVM2 mirrors…ng dmeventd or progress polling...
         Mounting Kernel Debug File System...
         Mounting Huge Pages File System...
[[0;32m  OK  [0m] Listening on /dev/initctl Compatibility Named Pipe.
[[0;32m  OK  [0m] Started Journal Service.
[[0;32m  OK  [0m] Started Load Kernel Modules.
[[0;32m  OK  [0m] Started File System Check on Root Device.
[[0;32m  OK  [0m] Started Uncomplicated firewall.
[[0;32m  OK  [0m] Mounted POSIX Message Queue File System.
[[0;32m  OK  [0m] Started Create list of required sta…vice nodes for the current kernel.
[[0;32m  OK  [0m] Mounted Kernel Debug File System.
[[0;32m  OK  [0m] Mounted Huge Pages File System.
[[0;32m  OK  [0m] Started File System Check Daemon to report status.
         Starting Create Static Device Nodes in /dev...
         Starting Remount Root and Kernel File Systems...
         Starting Apply Kernel Variables...
         Mounting Kernel Configuration File System...
         Mounting FUSE Control File System...
[[0;32m  OK  [0m] Mounted Kernel Configuration File System.
[[0;32m  OK  [0m] Started LVM2 metadata daemon.
[[0;32m  OK  [0m] Mounted FUSE Control File System.
[[0;32m  OK  [0m] Started Create Static Device Nodes in /dev.
[[0;32m  OK  [0m] Started udev Coldplug all Devices.
[[0;32m  OK  [0m] Started Remount Root and Kernel File Systems.
         Starting Flush Journal to Persistent Storage...
         Starting Load/Save Random Seed...
         Starting udev Kernel Device Manager...
[[0;32m  OK  [0m] Started Apply Kernel Variables.
[[0;32m  OK  [0m] Started Load/Save Random Seed.
[[0;32m  OK  [0m] Started Monitoring of LVM2 mirrors,…sing dmeventd or progress polling.
[[0;32m  OK  [0m] Started udev Kernel Device Manager.
[[0;32m  OK  [0m] Started Flush Journal to Persistent Storage.
[[0;32m  OK  [0m] Found device /dev/ttyS0.
[[0;32m  OK  [0m] Listening on Load/Save RF Kill Switch Status /dev/rfkill Watch.
         Mounting Arbitrary Executable File Formats File System...
[[0;32m  OK  [0m] Mounted Arbitrary Executable File Formats File System.
[[0;32m  OK  [0m] Started Set the console keyboard layout.
[[0;32m  OK  [0m] Reached target Local File Systems (Pre).
[[0;32m  OK  [0m] Reached target Local File Systems.
         Starting ebtables ruleset management...
         Starting Commit a transient machine-id on disk...
         Starting Tell Plymouth To Write Out Runtime Data...
         Starting Create Volatile Files and Directories...
         Starting Set console font and keymap...
         Starting AppArmor initialization...
[[0;32m  OK  [0m] Started Dispatch Password Requests to Console Directory Watch.
[[0;32m  OK  [0m] Reached target Local Encrypted Volumes.
[[0;32m  OK  [0m] Started Tell Plymouth To Write Out Runtime Data.
[[0;32m  OK  [0m] Started Commit a transient machine-id on disk.
[[0;32m  OK  [0m] Started Create Volatile Files and Directories.
         Starting Update UTMP about System Boot/Shutdown...
[[0;32m  OK  [0m] Started Update UTMP about System Boot/Shutdown.
[[0;32m  OK  [0m] Started ebtables ruleset management.
[[0;32m  OK  [0m] Started AppArmor initialization.
         Starting Load AppArmor profiles managed internally by snapd...
         Starting Initial cloud-init job (pre-networking)...
[[0;32m  OK  [0m] Started Load AppArmor profiles managed internally by snapd.
[[0;32m  OK  [0m] Started Set console font and keymap.
[    9.043667] cloud-init[782]: Cloud-init v. 23.1.2-0ubuntu0~18.04.1 running 'init-local' at Sat, 29 Jul 2023 21:27:56 +0000. Up 8.78 seconds.
[[0;32m  OK  [0m] Started Initial cloud-init job (pre-networking).
[[0;32m  OK  [0m] Reached target Network (Pre).
         Starting Network Service...
[[0;32m  OK  [0m] Started Network Service.
         Starting Wait for Network to be Configured...
         Starting Network Name Resolution...
[[0;32m  OK  [0m] Started Network Name Resolution.
[[0;32m  OK  [0m] Reached target Host and Network Name Lookups.
[[0;32m  OK  [0m] Reached target Network.
[[0;32m  OK  [0m] Started Wait for Network to be Configured.
         Starting Initial cloud-init job (metadata service crawler)...
[   11.527628] cloud-init[912]: Cloud-init v. 23.1.2-0ubuntu0~18.04.1 running 'init' at Sat, 29 Jul 2023 21:27:59 +0000. Up 11.40 seconds.
[   11.528786] cloud-init[912]: ci-info: +++++++++++++++++++++++++++++++++++++++Net device info+++++++++++++++++++++++++++++++++++++++
[   11.530164] cloud-init[912]: ci-info: +---------+-------+----------------------------+---------------+--------+-------------------+
[   11.534443] cloud-init[912]: ci-info: |  Device |   Up  |          Address           |      Mask     | Scope  |     Hw-Address    |
[   11.535719] cloud-init[912]: ci-info: +---------+-------+----------------------------+---------------+--------+-------------------+
[   11.537795] cloud-init[912]: ci-info: | enp0s19 | False |             .              |       .       |   .    | 08:00:27:4a:22:5b |
[   11.540904] cloud-init[912]: ci-info: |  enp0s3 |  True |         10.0.2.15          | 255.255.255.0 | global | 02:3b:7b:b7:3b:2d |
[   11.544013] cloud-init[912]: ci-info: |  enp0s3 |  True | fe80::3b:7bff:feb7:3b2d/64 |       .       |  link  | 02:3b:7b:b7:3b:2d |
[   11.545359] cloud-init[912]: ci-info: |    lo   |  True |         127.0.0.1          |   255.0.0.0   |  host  |         .         |
[   11.549429] cloud-init[912]: ci-info: |    lo   |  True |          ::1/128           |       .       |  host  |         .         |
[   11.552939] cloud-init[912]: ci-info: +---------+-------+----------------------------+---------------+--------+-------------------+
[   11.554218] cloud-init[912]: ci-info: ++++++++++++++++++++++++++++Route IPv4 info+++++++++++++++++++++++++++++
[   11.557865] cloud-init[912]: ci-info: +-------+-------------+----------+-----------------+-----------+-------+
[   11.558957] cloud-init[912]: ci-info: | Route | Destination | Gateway  |     Genmask     | Interface | Flags |
[   11.562135] cloud-init[912]: ci-info: +-------+-------------+----------+-----------------+-----------+-------+
[   11.563291] cloud-init[912]: ci-info: |   0   |   0.0.0.0   | 10.0.2.2 |     0.0.0.0     |   enp0s3  |   UG  |
[   11.567645] cloud-init[912]: ci-info: |   1   |   10.0.2.0  | 0.0.0.0  |  255.255.255.0  |   enp0s3  |   U   |
[   11.568753] cloud-init[912]: ci-info: |   2   |   10.0.2.2  | 0.0.0.0  | 255.255.255.255 |   enp0s3  |   UH  |
[   11.569779] cloud-init[912]: ci-info: +-------+-------------+----------+-----------------+-----------+-------+
[   11.572132] cloud-init[912]: ci-info: +++++++++++++++++++Route IPv6 info+++++++++++++++++++
[   11.575307] cloud-init[912]: ci-info: +-------+-------------+---------+-----------+-------+
[   11.576338] cloud-init[912]: ci-info: | Route | Destination | Gateway | Interface | Flags |
[   11.579529] cloud-init[912]: ci-info: +-------+-------------+---------+-----------+-------+
[   11.582880] cloud-init[912]: ci-info: |   1   |  fe80::/64  |    ::   |   enp0s3  |   U   |
[   11.583829] cloud-init[912]: ci-info: |   3   |    local    |    ::   |   enp0s3  |   U   |
[   11.584804] cloud-init[912]: ci-info: |   4   |   ff00::/8  |    ::   |   enp0s3  |   U   |
[   11.587629] cloud-init[912]: ci-info: +-------+-------------+---------+-----------+-------+
[   12.261885] cloud-init[912]: Generating public/private rsa key pair.
[   12.263205] cloud-init[912]: Your identification has been saved in /etc/ssh/ssh_host_rsa_key.
[   12.264482] cloud-init[912]: Your public key has been saved in /etc/ssh/ssh_host_rsa_key.pub.
[   12.281465] cloud-init[912]: The key fingerprint is:
[   12.282230] cloud-init[912]: SHA256:8D/LE1bvjm1PAjxiePEHZYs01MlC/2+xAlf6cKiQ7NM root@ubuntu-bionic
[   12.283268] cloud-init[912]: The key's randomart image is:
[   12.284034] cloud-init[912]: +---[RSA 2048]----+
[   12.284740] cloud-init[912]: |           o=oo. |
[   12.285432] cloud-init[912]: |           ..*+. |
[   12.286199] cloud-init[912]: |      .   . o.o. |
[   12.286963] cloud-init[912]: |       o...+..+. |
[   12.287711] cloud-init[912]: |        S++o=*.o.|
[   12.288402] cloud-init[912]: |        .+=.++= +|
[   12.289003] cloud-init[912]: |         +oE o.o+|
[   12.289603] cloud-init[912]: |         .oo o++ |
[   12.290196] cloud-init[912]: |          o..oo..|
[   12.290789] cloud-init[912]: +----[SHA256]-----+
[   12.291379] cloud-init[912]: Generating public/private dsa key pair.
[   12.292142] cloud-init[912]: Your identification has been saved in /etc/ssh/ssh_host_dsa_key.
[   12.293036] cloud-init[912]: Your public key has been saved in /etc/ssh/ssh_host_dsa_key.pub.
[   12.293999] cloud-init[912]: The key fingerprint is:
[   12.294756] cloud-init[912]: SHA256:tz7IyceKgi4KWxZlvXWhvhBwZjhZIWmQDcpj4dChE/s root@ubuntu-bionic
[   12.295860] cloud-init[912]: The key's randomart image is:
[   12.296655] cloud-init[912]: +---[DSA 1024]----+
[   12.301609] cloud-init[912]: |oo+*o=*.  .      |
[   12.302226] cloud-init[912]: |+=+ BB   . .     |
[   12.302848] cloud-init[912]: |== .o.o o .      |
[   12.303453] cloud-init[912]: |.o.o   = .       |
[   12.304103] cloud-init[912]: |  E   o S .      |
[   12.304721] cloud-init[912]: |   .   . o .     |
[   12.308307] cloud-init[912]: |. o.   o.+.      |
[   12.308957] cloud-init[912]: |o+. .  .=.+      |
[   12.309619] cloud-init[912]: |+o.  .. .o..     |
[   12.310229] cloud-init[912]: +----[SHA256]-----+
[   12.312306] cloud-init[912]: Generating public/private ecdsa key pair.
[   12.313221] cloud-init[912]: Your identification has been saved in /etc/ssh/ssh_host_ecdsa_key.
[   12.316191] cloud-init[912]: Your public key has been saved in /etc/ssh/ssh_host_ecdsa_key.pub.
[   12.317195] cloud-init[912]: The key fingerprint is:
[   12.320207] cloud-init[912]: SHA256:T7cKlYDpq9J8m8+IKs4bhuMbvXSp8OKW4TEDwriaNMU root@ubuntu-bionic
[   12.321244] cloud-init[912]: The key's randomart image is:
[   12.324215] cloud-init[912]: +---[ECDSA 256]---+
[   12.324883] cloud-init[912]: |                 |
[   12.325568] cloud-init[912]: |       o         |
[   12.326175] cloud-init[912]: |o .   o .        |
[   12.328266] cloud-init[912]: |+. E .   . .     |
[   12.328940] cloud-init[912]: |o..   . S + .    |
[   12.347987] cloud-init[912]: |oB.   .. + . .   |
[   12.349300] cloud-init[912]: |**B= o. . . .    |
[   12.350032] cloud-init[912]: |B*B *o.+ . .     |
[   12.350755] cloud-init[912]: |+O=*o.+oo .      |
[   12.351448] cloud-init[912]: +----[SHA256]-----+
[   12.352108] cloud-init[912]: Generating public/private ed25519 key pair.
[   12.352919] cloud-init[912]: Your identification has been saved in /etc/ssh/ssh_host_ed25519_key.
[   12.353989] cloud-init[912]: Your public key has been saved in /etc/ssh/ssh_host_ed25519_key.pub.
[   12.355074] cloud-init[912]: The key fingerprint is:
[   12.355814] cloud-init[912]: SHA256:aGiKVXumC2J36fIyXQ5w0Y/5Y8VqV2WjREk6nvfinPM root@ubuntu-bionic
[   12.356915] cloud-init[912]: The key's randomart image is:
[   12.357625] cloud-init[912]: +--[ED25519 256]--+
[   12.358309] cloud-init[912]: |      .     oo.  |
[   12.358951] cloud-init[912]: |     . .    .o + |
[   12.359610] cloud-init[912]: |    . . + .o. + .|
[   12.360356] cloud-init[912]: |   o + + ..ooo   |
[   12.361107] cloud-init[912]: |  . * = S oo..   |
[   12.361896] cloud-init[912]: | o o *.. * .. .  |
[   12.362731] cloud-init[912]: |o.o.oo+ o o  . . |
[   12.363591] cloud-init[912]: |...=oo .    o.o  |
[   12.364391] cloud-init[912]: |    *o       +oE |
[   12.365020] cloud-init[912]: +----[SHA256]-----+
[[0;32m  OK  [0m] Started Initial cloud-init job (metadata service crawler).
[[0;32m  OK  [0m] Reached target System Initialization.
[[0;32m  OK  [0m] Started Daily apt download activities.
[[0;32m  OK  [0m] Started Daily Cleanup of Temporary Directories.
[[0;32m  OK  [0m] Started Discard unused blocks once a week.
[[0;32m  OK  [0m] Listening on cloud-init hotplug hook socket.
         Starting Socket activation for snappy daemon.
[[0;32m  OK  [0m] Listening on Open-iSCSI iscsid Socket.
[[0;32m  OK  [0m] Started Daily apt upgrade and clean activities.
[[0;32m  OK  [0m] Listening on D-Bus System Message Bus Socket.
[[0;32m  OK  [0m] Listening on UUID daemon activation socket.
[[0;32m  OK  [0m] Started Ubuntu Advantage Timer for running repeated jobs.
         Starting LXD - unix socket.
[[0;32m  OK  [0m] Started ACPI Events Check.
[[0;32m  OK  [0m] Reached target Paths.
[[0;32m  OK  [0m] Listening on ACPID Listen Socket.
[[0;32m  OK  [0m] Started Message of the Day.
[[0;32m  OK  [0m] Reached target Timers.
[[0;32m  OK  [0m] Reached target Network is Online.
[[0;32m  OK  [0m] Reached target Remote File Systems (Pre).
[[0;32m  OK  [0m] Reached target Remote File Systems.
         Starting Availability of block devices...
[[0;32m  OK  [0m] Reached target Cloud-config availability.
[[0;32m  OK  [0m] Listening on Socket activation for snappy daemon.
[[0;32m  OK  [0m] Listening on LXD - unix socket.
[[0;32m  OK  [0m] Reached target Sockets.
[[0;32m  OK  [0m] Reached target Basic System.
[[0;32m  OK  [0m] Reached target Login Prompts (Pre).
         Starting LSB: automatic crash report generation...
[[0;32m  OK  [0m] Started Deferred execution scheduler.
         Starting Pollinate to seed the pseudo random number generator...
         Starting System Logging Service...
[[0;32m  OK  [0m] Started Regular background program processing daemon.
         Starting Virtualbox guest utils...
         Starting Dispatcher daemon for systemd-networkd...
         Starting LSB: Record successful boot for GRUB...
         Starting Accounts Service...
         Starting Permit User Sessions...
         Starting LXD - container startup/shutdown...
[[0;32m  OK  [0m] Started irqbalance daemon.
[[0;32m  OK  [0m] Started FUSE filesystem for LXC.
[[0;32m  OK  [0m] Started D-Bus System Message Bus.
         Starting Snap Daemon...
         Starting Login Service...
[[0;32m  OK  [0m] Started System Logging Service.
[[0;32m  OK  [0m] Started Availability of block devices.
[[0;32m  OK  [0m] Started Permit User Sessions.
         Starting Hold until boot process finishes up...
         Starting Terminate Plymouth Boot Screen...
[[0;32m  OK  [0m] Started Hold until boot process finishes up.
[[0;32m  OK  [0m] Started Serial Getty on ttyS0.
         Starting Set console scheme...
[[0;32m  OK  [0m] Started Terminate Plymouth Boot Screen.
[[0;32m  OK  [0m] Started LXD - container startup/shutdown.
[[0;32m  OK  [0m] Started Set console scheme.
[[0;32m  OK  [0m] Created slice system-getty.slice.
[[0;32m  OK  [0m] Started Getty on tty1.
[[0;32m  OK  [0m] Reached target Login Prompts.
         Starting Authorization Manager...
[[0;32m  OK  [0m] Started LSB: automatic crash report generation.
[[0;32m  OK  [0m] Started Login Service.
[[0;32m  OK  [0m] Started Unattended Upgrades Shutdown.
[[0;32m  OK  [0m] Started LSB: Record successful boot for GRUB.
[[0;32m  OK  [0m] Started Authorization Manager.
[[0;32m  OK  [0m] Started Accounts Service.
[[0;32m  OK  [0m] Started Virtualbox guest utils.
[[0;32m  OK  [0m] Started Dispatcher daemon for systemd-networkd.
[[0;32m  OK  [0m] Started Snap Daemon.
         Starting Wait until snapd is fully seeded...
[[0;32m  OK  [0m] Started Pollinate to seed the pseudo random number generator.
         Starting OpenBSD Secure Shell server...
[[0;32m  OK  [0m] Started OpenBSD Secure Shell server.
[[0;32m  OK  [0m] Created slice User Slice of vagrant.
         Starting User Manager for UID 1000...
[[0;32m  OK  [0m] Started Session 1 of user vagrant.
[[0;32m  OK  [0m] Started User Manager for UID 1000.
         Starting Time & Date Service...
[[0;32m  OK  [0m] Started Time & Date Service.
[[0;32m  OK  [0m] Started Wait until snapd is fully seeded.
         Starting Apply the settings specified in cloud-config...

Ubuntu 18.04.6 LTS ubuntu-bionic ttyS0

ubuntu-bionic login: [   19.375452] cloud-init[1388]: Cloud-init v. 23.1.2-0ubuntu0~18.04.1 running 'modules:config' at Sat, 29 Jul 2023 21:28:06 +0000. Up 18.25 seconds.
ci-info: no authorized SSH keys fingerprints found for user ubuntu.
<14>Jul 29 21:28:08 cloud-init: #############################################################
<14>Jul 29 21:28:08 cloud-init: -----BEGIN SSH HOST KEY FINGERPRINTS-----
<14>Jul 29 21:28:08 cloud-init: 1024 SHA256:tz7IyceKgi4KWxZlvXWhvhBwZjhZIWmQDcpj4dChE/s root@ubuntu-bionic (DSA)
<14>Jul 29 21:28:08 cloud-init: 256 SHA256:T7cKlYDpq9J8m8+IKs4bhuMbvXSp8OKW4TEDwriaNMU root@ubuntu-bionic (ECDSA)
<14>Jul 29 21:28:08 cloud-init: 256 SHA256:aGiKVXumC2J36fIyXQ5w0Y/5Y8VqV2WjREk6nvfinPM root@ubuntu-bionic (ED25519)
<14>Jul 29 21:28:08 cloud-init: 2048 SHA256:8D/LE1bvjm1PAjxiePEHZYs01MlC/2+xAlf6cKiQ7NM root@ubuntu-bionic (RSA)
<14>Jul 29 21:28:08 cloud-init: -----END SSH HOST KEY FINGERPRINTS-----
<14>Jul 29 21:28:08 cloud-init: #############################################################
-----BEGIN SSH HOST KEY KEYS-----
ecdsa-sha2-nistp256 AAAAE2VjZHNhLXNoYTItbmlzdHAyNTYAAAAIbmlzdHAyNTYAAABBBCQWBYSa9M45ludAhEZDpDmNHoGERClczwdx35NVsGxPRSZedfY0mpmTWWdoBn1GFxmcPTLIQFWlxHQNDMwk/qE= root@ubuntu-bionic
ssh-ed25519 AAAAC3NzaC1lZDI1NTE5AAAAIALl7aWWWqbRDXtQrPLv1YMiRZBVTFZb97uj3nKhF0xR root@ubuntu-bionic
ssh-rsa AAAAB3NzaC1yc2EAAAADAQABAAABAQC0dhSpOn/mU1yD/wkNC6rrcGDnLIT2PHmyyg+TDk5cFwTN2pqfjecSfcinuIrEJKFWTvk60zNBEfA6OyoG6Li8XsXO1nsVRJRQCwBp2rFWp3bSyi4+NbcKAC/rvqFtAHEvWecXxYDHNGhqohDIGObCQdcG+dM+ahyYYjPfCbC0pbAoozOha90d7BEbYdP0K0iTezuD0qp7QIdwwPb0rU4Mhu9NLvYb3qso62/v+MHedcOltDKXFZIpQIVj6ay9FMCzXkTyVyHJpEXuwPEY1xW32vWq7nkFojShUEPROJey7c13xn7Ai/Q+A0TBK6p4u2P+QqWBtdiTuQIkHnQE1aW/ root@ubuntu-bionic
-----END SSH HOST KEY KEYS-----
[   20.850474] cloud-init[1524]: Cloud-init v. 23.1.2-0ubuntu0~18.04.1 running 'modules:final' at Sat, 29 Jul 2023 21:28:08 +0000. Up 20.58 seconds.
[   20.853410] cloud-init[1524]: Cloud-init v. 23.1.2-0ubuntu0~18.04.1 finished at Sat, 29 Jul 2023 21:28:08 +0000. Datasource DataSourceNoCloud [seed=/dev/sdb][dsmode=net].  Up 20.83 seconds
